<?xml version="1.0" encoding="UTF-8"?>
<!-- Generated by org.testng.reporters.JUnitReportReporter -->
<testsuite skipped="0" hostname="IBM141-PC0F1FB8" name="com.mendix.test.LoginScript" tests="762" failures="0" timestamp="19 Jun 2019 06:01:42 GMT" time="61.861" errors="0">
  <testcase name="loginAsLDRVendor" time="0.001" classname="com.mendix.test.LoginScript"/>
  <testcase name="getGlobalIdFromIndependentScript2" time="0.001" classname="com.mendix.test.LoginScript"/>
  <testcase name="printSuiteName" time="0.009" classname="com.mendix.test.LoginScript"/>
  <testcase name="getDependentScenarioName" time="0.001" classname="com.mendix.test.LoginScript"/>
  <testcase name="printSuiteName" time="0.007" classname="com.mendix.test.LoginScript"/>
  <testcase name="getDependentScenarioName" time="0.001" classname="com.mendix.test.LoginScript"/>
  <testcase name="getDependentScenarioName" time="0.000" classname="com.mendix.test.LoginScript"/>
  <testcase name="getGlobalIdFromIndependentScript2" time="0.001" classname="com.mendix.test.LoginScript"/>
  <testcase name="getDependentScenarioName" time="0.001" classname="com.mendix.test.LoginScript"/>
  <testcase name="getGlobalIdFromIndependentScript2" time="0.001" classname="com.mendix.test.LoginScript"/>
  <testcase name="printSuiteName" time="0.019" classname="com.mendix.test.LoginScript"/>
  <testcase name="getGlobalIdFromIndependentScript2" time="0.001" classname="com.mendix.test.LoginScript"/>
  <testcase name="getGlobalIdFromIndependentScript2" time="0.013" classname="com.mendix.test.LoginScript"/>
  <testcase name="loginAsLDRVendor" time="0.006" classname="com.mendix.test.LoginScript"/>
  <testcase name="loginAsLDRVendor" time="0.050" classname="com.mendix.test.LoginScript"/>
  <testcase name="loginAsLDRVendor" time="0.041" classname="com.mendix.test.LoginScript"/>
  <testcase name="getGlobalIdFromIndependentScript2" time="0.000" classname="com.mendix.test.LoginScript"/>
  <testcase name="getDependentScenarioName" time="0.001" classname="com.mendix.test.LoginScript"/>
  <testcase name="getDependentScenarioName" time="0.005" classname="com.mendix.test.LoginScript"/>
  <testcase name="printSuiteName" time="0.024" classname="com.mendix.test.LoginScript"/>
  <testcase name="getGlobalIdFromIndependentScript2" time="0.000" classname="com.mendix.test.LoginScript"/>
  <testcase name="printSuiteName" time="0.007" classname="com.mendix.test.LoginScript"/>
  <testcase name="getDependentScenarioName" time="0.019" classname="com.mendix.test.LoginScript"/>
  <testcase name="getGlobalIdFromIndependentScript2" time="0.001" classname="com.mendix.test.LoginScript"/>
  <testcase name="loginAsLDRVendor" time="0.006" classname="com.mendix.test.LoginScript"/>
  <testcase name="loginAsLDRVendor" time="0.006" classname="com.mendix.test.LoginScript"/>
  <testcase name="getDependentScenarioName" time="0.000" classname="com.mendix.test.LoginScript"/>
  <testcase name="printSuiteName" time="0.026" classname="com.mendix.test.LoginScript"/>
  <testcase name="loginAsLDRVendor" time="0.002" classname="com.mendix.test.LoginScript"/>
  <testcase name="getDependentScenarioName" time="0.001" classname="com.mendix.test.LoginScript"/>
  <testcase name="getGlobalIdFromIndependentScript2" time="0.001" classname="com.mendix.test.LoginScript"/>
  <testcase name="printSuiteName" time="0.013" classname="com.mendix.test.LoginScript"/>
  <testcase name="getGlobalIdFromIndependentScript2" time="0.001" classname="com.mendix.test.LoginScript"/>
  <testcase name="printSuiteName" time="0.014" classname="com.mendix.test.LoginScript"/>
  <testcase name="getDependentScenarioName" time="0.002" classname="com.mendix.test.LoginScript"/>
  <testcase name="printSuiteName" time="0.013" classname="com.mendix.test.LoginScript"/>
  <testcase name="getGlobalIdFromIndependentScript2" time="0.001" classname="com.mendix.test.LoginScript"/>
  <testcase name="loginAsLDRVendor" time="0.000" classname="com.mendix.test.LoginScript"/>
  <testcase name="getGlobalIdFromIndependentScript2" time="0.001" classname="com.mendix.test.LoginScript"/>
  <testcase name="loginAsLDRVendor" time="0.002" classname="com.mendix.test.LoginScript"/>
  <testcase name="getDependentScenarioName" time="0.000" classname="com.mendix.test.LoginScript"/>
  <testcase name="getDependentScenarioName" time="0.000" classname="com.mendix.test.LoginScript"/>
  <testcase name="loginAsLDRVendor" time="0.001" classname="com.mendix.test.LoginScript"/>
  <testcase name="getDependentScenarioName" time="0.001" classname="com.mendix.test.LoginScript"/>
  <testcase name="getGlobalIdFromIndependentScript2" time="0.000" classname="com.mendix.test.LoginScript"/>
  <testcase name="loginAsLDRVendor" time="0.001" classname="com.mendix.test.LoginScript"/>
  <testcase name="loginAsLDRVendor" time="0.002" classname="com.mendix.test.LoginScript"/>
  <testcase name="getGlobalIdFromIndependentScript2" time="0.000" classname="com.mendix.test.LoginScript"/>
  <testcase name="getGlobalIdFromIndependentScript2" time="0.000" classname="com.mendix.test.LoginScript"/>
  <testcase name="loginAsLDRVendor" time="0.007" classname="com.mendix.test.LoginScript"/>
  <testcase name="printSuiteName" time="0.030" classname="com.mendix.test.LoginScript"/>
  <testcase name="printSuiteName" time="0.019" classname="com.mendix.test.LoginScript"/>
  <testcase name="getDependentScenarioName" time="0.031" classname="com.mendix.test.LoginScript"/>
  <testcase name="getGlobalIdFromIndependentScript2" time="0.000" classname="com.mendix.test.LoginScript"/>
  <testcase name="getGlobalIdFromIndependentScript2" time="0.000" classname="com.mendix.test.LoginScript"/>
  <testcase name="getDependentScenarioName" time="0.010" classname="com.mendix.test.LoginScript"/>
  <testcase name="loginAsLDRVendor" time="0.000" classname="com.mendix.test.LoginScript"/>
  <testcase name="getGlobalIdFromIndependentScript2" time="0.000" classname="com.mendix.test.LoginScript"/>
  <testcase name="getDependentScenarioName" time="0.001" classname="com.mendix.test.LoginScript"/>
  <testcase name="getGlobalIdFromIndependentScript2" time="0.001" classname="com.mendix.test.LoginScript"/>
  <testcase name="getDependentScenarioName" time="0.000" classname="com.mendix.test.LoginScript"/>
  <testcase name="getDependentScenarioName" time="0.001" classname="com.mendix.test.LoginScript"/>
  <testcase name="getGlobalIdFromIndependentScript2" time="0.001" classname="com.mendix.test.LoginScript"/>
  <testcase name="printSuiteName" time="0.012" classname="com.mendix.test.LoginScript"/>
  <testcase name="getGlobalIdFromIndependentScript2" time="0.003" classname="com.mendix.test.LoginScript"/>
  <testcase name="printSuiteName" time="0.009" classname="com.mendix.test.LoginScript"/>
  <testcase name="printSuiteName" time="0.010" classname="com.mendix.test.LoginScript"/>
  <testcase name="getDependentScenarioName" time="0.001" classname="com.mendix.test.LoginScript"/>
  <testcase name="printSuiteName" time="0.006" classname="com.mendix.test.LoginScript"/>
  <testcase name="loginAsLDRVendor" time="0.041" classname="com.mendix.test.LoginScript"/>
  <testcase name="getDependentScenarioName" time="0.002" classname="com.mendix.test.LoginScript"/>
  <testcase name="getGlobalIdFromIndependentScript2" time="0.029" classname="com.mendix.test.LoginScript"/>
  <testcase name="getGlobalIdFromIndependentScript2" time="0.001" classname="com.mendix.test.LoginScript"/>
  <testcase name="loginAsLDRVendor" time="0.003" classname="com.mendix.test.LoginScript"/>
  <testcase name="printSuiteName" time="0.024" classname="com.mendix.test.LoginScript"/>
  <testcase name="loginAsLDRVendor" time="0.000" classname="com.mendix.test.LoginScript"/>
  <testcase name="getGlobalIdFromIndependentScript2" time="0.001" classname="com.mendix.test.LoginScript"/>
  <testcase name="loginAsLDRVendor" time="0.001" classname="com.mendix.test.LoginScript"/>
  <testcase name="getDependentScenarioName" time="0.000" classname="com.mendix.test.LoginScript"/>
  <testcase name="getDependentScenarioName" time="0.001" classname="com.mendix.test.LoginScript"/>
  <testcase name="loginAsLDRVendor" time="0.001" classname="com.mendix.test.LoginScript"/>
  <testcase name="loginAsLDRVendor" time="0.001" classname="com.mendix.test.LoginScript"/>
  <testcase name="getDependentScenarioName" time="0.000" classname="com.mendix.test.LoginScript"/>
  <testcase name="loginAsLDRVendor" time="0.000" classname="com.mendix.test.LoginScript"/>
  <testcase name="getGlobalIdFromIndependentScript2" time="0.001" classname="com.mendix.test.LoginScript"/>
  <testcase name="loginAsLDRVendor" time="0.013" classname="com.mendix.test.LoginScript"/>
  <testcase name="printSuiteName" time="0.008" classname="com.mendix.test.LoginScript"/>
  <testcase name="getGlobalIdFromIndependentScript2" time="0.001" classname="com.mendix.test.LoginScript"/>
  <testcase name="loginAsLDRVendor" time="0.004" classname="com.mendix.test.LoginScript"/>
  <testcase name="printSuiteName" time="0.041" classname="com.mendix.test.LoginScript"/>
  <testcase name="getDependentScenarioName" time="0.001" classname="com.mendix.test.LoginScript"/>
  <testcase name="loginAsLDRVendor" time="0.000" classname="com.mendix.test.LoginScript"/>
  <testcase name="loginAsLDRVendor" time="0.000" classname="com.mendix.test.LoginScript"/>
  <testcase name="getDependentScenarioName" time="0.001" classname="com.mendix.test.LoginScript"/>
  <testcase name="getDependentScenarioName" time="0.000" classname="com.mendix.test.LoginScript"/>
  <testcase name="getGlobalIdFromIndependentScript2" time="0.001" classname="com.mendix.test.LoginScript"/>
  <testcase name="getDependentScenarioName" time="0.001" classname="com.mendix.test.LoginScript"/>
  <testcase name="printSuiteName" time="0.020" classname="com.mendix.test.LoginScript"/>
  <testcase name="getDependentScenarioName" time="0.001" classname="com.mendix.test.LoginScript"/>
  <testcase name="printSuiteName" time="0.010" classname="com.mendix.test.LoginScript"/>
  <testcase name="printSuiteName" time="0.044" classname="com.mendix.test.LoginScript"/>
  <testcase name="getDependentScenarioName" time="0.001" classname="com.mendix.test.LoginScript"/>
  <testcase name="loginAsLDRVendor" time="0.000" classname="com.mendix.test.LoginScript"/>
  <testcase name="printSuiteName" time="0.007" classname="com.mendix.test.LoginScript"/>
  <testcase name="getDependentScenarioName" time="0.001" classname="com.mendix.test.LoginScript"/>
  <testcase name="printSuiteName" time="0.025" classname="com.mendix.test.LoginScript"/>
  <testcase name="printSuiteName" time="0.019" classname="com.mendix.test.LoginScript"/>
  <testcase name="loginAsLDRVendor" time="0.000" classname="com.mendix.test.LoginScript"/>
  <testcase name="getGlobalIdFromIndependentScript2" time="0.000" classname="com.mendix.test.LoginScript"/>
  <testcase name="getGlobalIdFromIndependentScript2" time="0.001" classname="com.mendix.test.LoginScript"/>
  <testcase name="getDependentScenarioName" time="0.001" classname="com.mendix.test.LoginScript"/>
  <testcase name="getDependentScenarioName" time="0.000" classname="com.mendix.test.LoginScript"/>
  <testcase name="getGlobalIdFromIndependentScript2" time="0.000" classname="com.mendix.test.LoginScript"/>
  <testcase name="getGlobalIdFromIndependentScript2" time="0.001" classname="com.mendix.test.LoginScript"/>
  <testcase name="getGlobalIdFromIndependentScript2" time="0.000" classname="com.mendix.test.LoginScript"/>
  <testcase name="loginAsLDRVendor" time="0.002" classname="com.mendix.test.LoginScript"/>
  <testcase name="loginAsLDRVendor" time="0.001" classname="com.mendix.test.LoginScript"/>
  <testcase name="getDependentScenarioName" time="0.000" classname="com.mendix.test.LoginScript"/>
  <testcase name="getDependentScenarioName" time="0.001" classname="com.mendix.test.LoginScript"/>
  <testcase name="loginAsLDRVendor" time="0.001" classname="com.mendix.test.LoginScript"/>
  <testcase name="printSuiteName" time="0.006" classname="com.mendix.test.LoginScript"/>
  <testcase name="loginAsLDRVendor" time="0.001" classname="com.mendix.test.LoginScript"/>
  <testcase name="loginAsLDRVendor" time="0.001" classname="com.mendix.test.LoginScript"/>
  <testcase name="getGlobalIdFromIndependentScript2" time="0.001" classname="com.mendix.test.LoginScript"/>
  <testcase name="getGlobalIdFromIndependentScript2" time="0.002" classname="com.mendix.test.LoginScript"/>
  <testcase name="getGlobalIdFromIndependentScript2" time="0.001" classname="com.mendix.test.LoginScript"/>
  <testcase name="getGlobalIdFromIndependentScript2" time="0.040" classname="com.mendix.test.LoginScript"/>
  <testcase name="getDependentScenarioName" time="0.001" classname="com.mendix.test.LoginScript"/>
  <testcase name="getGlobalIdFromIndependentScript2" time="0.003" classname="com.mendix.test.LoginScript"/>
  <testcase name="printSuiteName" time="0.014" classname="com.mendix.test.LoginScript"/>
  <testcase name="getDependentScenarioName" time="0.002" classname="com.mendix.test.LoginScript"/>
  <testcase name="loginAsLDRVendor" time="0.001" classname="com.mendix.test.LoginScript"/>
  <testcase name="getDependentScenarioName" time="0.001" classname="com.mendix.test.LoginScript"/>
  <testcase name="getDependentScenarioName" time="0.001" classname="com.mendix.test.LoginScript"/>
  <testcase name="getDependentScenarioName" time="0.000" classname="com.mendix.test.LoginScript"/>
  <testcase name="getGlobalIdFromIndependentScript2" time="0.002" classname="com.mendix.test.LoginScript"/>
  <testcase name="loginAsLDRVendor" time="0.001" classname="com.mendix.test.LoginScript"/>
  <testcase name="loginAsLDRVendor" time="0.001" classname="com.mendix.test.LoginScript"/>
  <testcase name="loginAsLDRVendor" time="0.001" classname="com.mendix.test.LoginScript"/>
  <testcase name="getGlobalIdFromIndependentScript2" time="0.000" classname="com.mendix.test.LoginScript"/>
  <testcase name="printSuiteName" time="0.009" classname="com.mendix.test.LoginScript"/>
  <testcase name="printSuiteName" time="0.011" classname="com.mendix.test.LoginScript"/>
  <testcase name="getGlobalIdFromIndependentScript2" time="0.001" classname="com.mendix.test.LoginScript"/>
  <testcase name="loginAsLDRVendor" time="0.002" classname="com.mendix.test.LoginScript"/>
  <testcase name="getGlobalIdFromIndependentScript2" time="0.003" classname="com.mendix.test.LoginScript"/>
  <testcase name="getDependentScenarioName" time="0.023" classname="com.mendix.test.LoginScript"/>
  <testcase name="loginAsLDRVendor" time="0.001" classname="com.mendix.test.LoginScript"/>
  <testcase name="loginAsLDRVendor" time="0.106" classname="com.mendix.test.LoginScript"/>
  <testcase name="printSuiteName" time="0.009" classname="com.mendix.test.LoginScript"/>
  <testcase name="loginAsLDRVendor" time="0.001" classname="com.mendix.test.LoginScript"/>
  <testcase name="printSuiteName" time="0.023" classname="com.mendix.test.LoginScript"/>
  <testcase name="printSuiteName" time="0.040" classname="com.mendix.test.LoginScript"/>
  <testcase name="loginAsLDRVendor" time="0.046" classname="com.mendix.test.LoginScript"/>
  <testcase name="printSuiteName" time="0.026" classname="com.mendix.test.LoginScript"/>
  <testcase name="printSuiteName" time="0.072" classname="com.mendix.test.LoginScript"/>
  <testcase name="getGlobalIdFromIndependentScript2" time="0.001" classname="com.mendix.test.LoginScript"/>
  <testcase name="loginAsLDRVendor" time="0.001" classname="com.mendix.test.LoginScript"/>
  <testcase name="loginAsLDRVendor" time="0.001" classname="com.mendix.test.LoginScript"/>
  <testcase name="loginAsLDRVendor" time="0.001" classname="com.mendix.test.LoginScript"/>
  <testcase name="loginAsLDRVendor" time="0.000" classname="com.mendix.test.LoginScript"/>
  <testcase name="getDependentScenarioName" time="0.005" classname="com.mendix.test.LoginScript"/>
  <testcase name="getGlobalIdFromIndependentScript2" time="0.001" classname="com.mendix.test.LoginScript"/>
  <testcase name="getDependentScenarioName" time="0.000" classname="com.mendix.test.LoginScript"/>
  <testcase name="getDependentScenarioName" time="0.000" classname="com.mendix.test.LoginScript"/>
  <testcase name="getGlobalIdFromIndependentScript2" time="0.001" classname="com.mendix.test.LoginScript"/>
  <testcase name="loginAsLDRVendor" time="0.001" classname="com.mendix.test.LoginScript"/>
  <testcase name="getGlobalIdFromIndependentScript2" time="0.001" classname="com.mendix.test.LoginScript"/>
  <testcase name="loginAsLDRVendor" time="0.001" classname="com.mendix.test.LoginScript"/>
  <testcase name="getGlobalIdFromIndependentScript2" time="0.002" classname="com.mendix.test.LoginScript"/>
  <testcase name="loginAsLDRVendor" time="0.000" classname="com.mendix.test.LoginScript"/>
  <testcase name="loginAsLDRVendor" time="0.001" classname="com.mendix.test.LoginScript"/>
  <testcase name="getGlobalIdFromIndependentScript2" time="0.000" classname="com.mendix.test.LoginScript"/>
  <testcase name="printSuiteName" time="0.012" classname="com.mendix.test.LoginScript"/>
  <testcase name="printSuiteName" time="0.035" classname="com.mendix.test.LoginScript"/>
  <testcase name="printSuiteName" time="0.033" classname="com.mendix.test.LoginScript"/>
  <testcase name="getGlobalIdFromIndependentScript2" time="0.001" classname="com.mendix.test.LoginScript"/>
  <testcase name="getDependentScenarioName" time="0.000" classname="com.mendix.test.LoginScript"/>
  <testcase name="getDependentScenarioName" time="0.001" classname="com.mendix.test.LoginScript"/>
  <testcase name="loginAsLDRVendor" time="0.001" classname="com.mendix.test.LoginScript"/>
  <testcase name="getDependentScenarioName" time="0.001" classname="com.mendix.test.LoginScript"/>
  <testcase name="getDependentScenarioName" time="0.001" classname="com.mendix.test.LoginScript"/>
  <testcase name="getGlobalIdFromIndependentScript2" time="0.001" classname="com.mendix.test.LoginScript"/>
  <testcase name="getGlobalIdFromIndependentScript2" time="0.000" classname="com.mendix.test.LoginScript"/>
  <testcase name="loginAsLDRVendor" time="0.001" classname="com.mendix.test.LoginScript"/>
  <testcase name="getDependentScenarioName" time="0.000" classname="com.mendix.test.LoginScript"/>
  <testcase name="loginAsLDRVendor" time="0.003" classname="com.mendix.test.LoginScript"/>
  <testcase name="getDependentScenarioName" time="0.005" classname="com.mendix.test.LoginScript"/>
  <testcase name="printSuiteName" time="0.021" classname="com.mendix.test.LoginScript"/>
  <testcase name="printSuiteName" time="0.013" classname="com.mendix.test.LoginScript"/>
  <testcase name="getGlobalIdFromIndependentScript2" time="0.000" classname="com.mendix.test.LoginScript"/>
  <testcase name="getDependentScenarioName" time="0.000" classname="com.mendix.test.LoginScript"/>
  <testcase name="getDependentScenarioName" time="0.000" classname="com.mendix.test.LoginScript"/>
  <testcase name="getDependentScenarioName" time="0.000" classname="com.mendix.test.LoginScript"/>
  <testcase name="loginAsLDRVendor" time="0.000" classname="com.mendix.test.LoginScript"/>
  <testcase name="getGlobalIdFromIndependentScript2" time="0.004" classname="com.mendix.test.LoginScript"/>
  <testcase name="printSuiteName" time="0.034" classname="com.mendix.test.LoginScript"/>
  <testcase name="getDependentScenarioName" time="0.001" classname="com.mendix.test.LoginScript"/>
  <testcase name="getDependentScenarioName" time="0.001" classname="com.mendix.test.LoginScript"/>
  <testcase name="printSuiteName" time="0.006" classname="com.mendix.test.LoginScript"/>
  <testcase name="printSuiteName" time="0.006" classname="com.mendix.test.LoginScript"/>
  <testcase name="printSuiteName" time="0.033" classname="com.mendix.test.LoginScript"/>
  <testcase name="printSuiteName" time="0.021" classname="com.mendix.test.LoginScript"/>
  <testcase name="loginAsLDRVendor" time="0.000" classname="com.mendix.test.LoginScript"/>
  <testcase name="printSuiteName" time="0.008" classname="com.mendix.test.LoginScript"/>
  <testcase name="getDependentScenarioName" time="0.035" classname="com.mendix.test.LoginScript"/>
  <testcase name="getGlobalIdFromIndependentScript2" time="0.001" classname="com.mendix.test.LoginScript"/>
  <testcase name="printSuiteName" time="0.011" classname="com.mendix.test.LoginScript"/>
  <testcase name="loginAsLDRVendor" time="0.006" classname="com.mendix.test.LoginScript"/>
  <testcase name="getDependentScenarioName" time="0.003" classname="com.mendix.test.LoginScript"/>
  <testcase name="loginAsLDRVendor" time="0.001" classname="com.mendix.test.LoginScript"/>
  <testcase name="getGlobalIdFromIndependentScript2" time="0.001" classname="com.mendix.test.LoginScript"/>
  <testcase name="loginAsLDRVendor" time="0.001" classname="com.mendix.test.LoginScript"/>
  <testcase name="getGlobalIdFromIndependentScript2" time="0.001" classname="com.mendix.test.LoginScript"/>
  <testcase name="loginAsLDRVendor" time="0.001" classname="com.mendix.test.LoginScript"/>
  <testcase name="getGlobalIdFromIndependentScript2" time="0.002" classname="com.mendix.test.LoginScript"/>
  <testcase name="printSuiteName" time="0.012" classname="com.mendix.test.LoginScript"/>
  <testcase name="printSuiteName" time="0.020" classname="com.mendix.test.LoginScript"/>
  <testcase name="loginAsLDRVendor" time="19.928" classname="com.mendix.test.LoginScript"/>
  <testcase name="printSuiteName" time="0.009" classname="com.mendix.test.LoginScript"/>
  <testcase name="getGlobalIdFromIndependentScript2" time="0.001" classname="com.mendix.test.LoginScript"/>
  <testcase name="loginAsLDRVendor" time="0.000" classname="com.mendix.test.LoginScript"/>
  <testcase name="getGlobalIdFromIndependentScript2" time="0.001" classname="com.mendix.test.LoginScript"/>
  <testcase name="loginAsLDRVendor" time="0.001" classname="com.mendix.test.LoginScript"/>
  <testcase name="getDependentScenarioName" time="0.001" classname="com.mendix.test.LoginScript"/>
  <testcase name="loginAsLDRVendor" time="0.001" classname="com.mendix.test.LoginScript"/>
  <testcase name="getDependentScenarioName" time="0.001" classname="com.mendix.test.LoginScript"/>
  <testcase name="printSuiteName" time="0.021" classname="com.mendix.test.LoginScript"/>
  <testcase name="printSuiteName" time="0.010" classname="com.mendix.test.LoginScript"/>
  <testcase name="loginAsLDRVendor" time="0.001" classname="com.mendix.test.LoginScript"/>
  <testcase name="getGlobalIdFromIndependentScript2" time="0.001" classname="com.mendix.test.LoginScript"/>
  <testcase name="getDependentScenarioName" time="0.001" classname="com.mendix.test.LoginScript"/>
  <testcase name="getGlobalIdFromIndependentScript2" time="0.000" classname="com.mendix.test.LoginScript"/>
  <testcase name="printSuiteName" time="0.026" classname="com.mendix.test.LoginScript"/>
  <testcase name="getDependentScenarioName" time="0.004" classname="com.mendix.test.LoginScript"/>
  <testcase name="printSuiteName" time="0.021" classname="com.mendix.test.LoginScript"/>
  <testcase name="printSuiteName" time="0.010" classname="com.mendix.test.LoginScript"/>
  <testcase name="printSuiteName" time="0.037" classname="com.mendix.test.LoginScript"/>
  <testcase name="getDependentScenarioName" time="0.000" classname="com.mendix.test.LoginScript"/>
  <testcase name="getGlobalIdFromIndependentScript2" time="0.002" classname="com.mendix.test.LoginScript"/>
  <testcase name="loginAsLDRVendor" time="0.002" classname="com.mendix.test.LoginScript"/>
  <testcase name="printSuiteName" time="0.009" classname="com.mendix.test.LoginScript"/>
  <testcase name="getDependentScenarioName" time="0.000" classname="com.mendix.test.LoginScript"/>
  <testcase name="getDependentScenarioName" time="0.001" classname="com.mendix.test.LoginScript"/>
  <testcase name="printSuiteName" time="0.020" classname="com.mendix.test.LoginScript"/>
  <testcase name="printSuiteName" time="0.012" classname="com.mendix.test.LoginScript"/>
  <testcase name="printSuiteName" time="0.021" classname="com.mendix.test.LoginScript"/>
  <testcase name="getGlobalIdFromIndependentScript2" time="0.000" classname="com.mendix.test.LoginScript"/>
  <testcase name="loginAsLDRVendor" time="0.000" classname="com.mendix.test.LoginScript"/>
  <testcase name="printSuiteName" time="0.025" classname="com.mendix.test.LoginScript"/>
  <testcase name="loginAsLDRVendor" time="0.001" classname="com.mendix.test.LoginScript"/>
  <testcase name="getGlobalIdFromIndependentScript2" time="0.000" classname="com.mendix.test.LoginScript"/>
  <testcase name="getGlobalIdFromIndependentScript2" time="0.000" classname="com.mendix.test.LoginScript"/>
  <testcase name="loginAsLDRVendor" time="0.001" classname="com.mendix.test.LoginScript"/>
  <testcase name="getGlobalIdFromIndependentScript2" time="0.001" classname="com.mendix.test.LoginScript"/>
  <testcase name="getDependentScenarioName" time="0.009" classname="com.mendix.test.LoginScript"/>
  <testcase name="loginAsLDRVendor" time="0.001" classname="com.mendix.test.LoginScript"/>
  <testcase name="getDependentScenarioName" time="0.001" classname="com.mendix.test.LoginScript"/>
  <testcase name="getDependentScenarioName" time="0.001" classname="com.mendix.test.LoginScript"/>
  <testcase name="getGlobalIdFromIndependentScript2" time="0.001" classname="com.mendix.test.LoginScript"/>
  <testcase name="getGlobalIdFromIndependentScript2" time="0.000" classname="com.mendix.test.LoginScript"/>
  <testcase name="getDependentScenarioName" time="0.001" classname="com.mendix.test.LoginScript"/>
  <testcase name="printSuiteName" time="0.017" classname="com.mendix.test.LoginScript"/>
  <testcase name="getDependentScenarioName" time="0.003" classname="com.mendix.test.LoginScript"/>
  <testcase name="getDependentScenarioName" time="0.007" classname="com.mendix.test.LoginScript"/>
  <testcase name="getDependentScenarioName" time="0.000" classname="com.mendix.test.LoginScript"/>
  <testcase name="getDependentScenarioName" time="0.000" classname="com.mendix.test.LoginScript"/>
  <testcase name="loginAsLDRVendor" time="0.011" classname="com.mendix.test.LoginScript"/>
  <testcase name="getDependentScenarioName" time="0.000" classname="com.mendix.test.LoginScript"/>
  <testcase name="getGlobalIdFromIndependentScript2" time="0.001" classname="com.mendix.test.LoginScript"/>
  <testcase name="getGlobalIdFromIndependentScript2" time="0.001" classname="com.mendix.test.LoginScript"/>
  <testcase name="getGlobalIdFromIndependentScript2" time="0.000" classname="com.mendix.test.LoginScript"/>
  <testcase name="getGlobalIdFromIndependentScript2" time="0.000" classname="com.mendix.test.LoginScript"/>
  <testcase name="getGlobalIdFromIndependentScript2" time="0.001" classname="com.mendix.test.LoginScript"/>
  <testcase name="loginAsLDRVendor" time="0.001" classname="com.mendix.test.LoginScript"/>
  <testcase name="printSuiteName" time="0.021" classname="com.mendix.test.LoginScript"/>
  <testcase name="getGlobalIdFromIndependentScript2" time="0.001" classname="com.mendix.test.LoginScript"/>
  <testcase name="printSuiteName" time="0.044" classname="com.mendix.test.LoginScript"/>
  <testcase name="printSuiteName" time="0.039" classname="com.mendix.test.LoginScript"/>
  <testcase name="printSuiteName" time="0.009" classname="com.mendix.test.LoginScript"/>
  <testcase name="getDependentScenarioName" time="0.000" classname="com.mendix.test.LoginScript"/>
  <testcase name="getGlobalIdFromIndependentScript2" time="0.000" classname="com.mendix.test.LoginScript"/>
  <testcase name="getGlobalIdFromIndependentScript2" time="0.000" classname="com.mendix.test.LoginScript"/>
  <testcase name="getDependentScenarioName" time="0.001" classname="com.mendix.test.LoginScript"/>
  <testcase name="loginAsLDRVendor" time="0.002" classname="com.mendix.test.LoginScript"/>
  <testcase name="getGlobalIdFromIndependentScript2" time="0.001" classname="com.mendix.test.LoginScript"/>
  <testcase name="printSuiteName" time="0.045" classname="com.mendix.test.LoginScript"/>
  <testcase name="printSuiteName" time="0.017" classname="com.mendix.test.LoginScript"/>
  <testcase name="getDependentScenarioName" time="0.000" classname="com.mendix.test.LoginScript"/>
  <testcase name="loginAsLDRVendor" time="0.001" classname="com.mendix.test.LoginScript"/>
  <testcase name="getDependentScenarioName" time="0.001" classname="com.mendix.test.LoginScript"/>
  <testcase name="getGlobalIdFromIndependentScript2" time="0.001" classname="com.mendix.test.LoginScript"/>
  <testcase name="getDependentScenarioName" time="0.000" classname="com.mendix.test.LoginScript"/>
  <testcase name="getDependentScenarioName" time="0.001" classname="com.mendix.test.LoginScript"/>
  <testcase name="getGlobalIdFromIndependentScript2" time="0.001" classname="com.mendix.test.LoginScript"/>
  <testcase name="printSuiteName" time="0.022" classname="com.mendix.test.LoginScript"/>
  <testcase name="printSuiteName" time="0.012" classname="com.mendix.test.LoginScript"/>
  <testcase name="printSuiteName" time="0.013" classname="com.mendix.test.LoginScript"/>
  <testcase name="getGlobalIdFromIndependentScript2" time="0.013" classname="com.mendix.test.LoginScript"/>
  <testcase name="loginAsLDRVendor" time="0.000" classname="com.mendix.test.LoginScript"/>
  <testcase name="printSuiteName" time="0.037" classname="com.mendix.test.LoginScript"/>
  <testcase name="loginAsLDRVendor" time="0.000" classname="com.mendix.test.LoginScript"/>
  <testcase name="printSuiteName" time="0.046" classname="com.mendix.test.LoginScript"/>
  <testcase name="printSuiteName" time="0.008" classname="com.mendix.test.LoginScript"/>
  <testcase name="loginAsLDRVendor" time="0.002" classname="com.mendix.test.LoginScript"/>
  <testcase name="printSuiteName" time="0.009" classname="com.mendix.test.LoginScript"/>
  <testcase name="printSuiteName" time="0.010" classname="com.mendix.test.LoginScript"/>
  <testcase name="loginAsLDRVendor" time="0.002" classname="com.mendix.test.LoginScript"/>
  <testcase name="loginAsLDRVendor" time="0.000" classname="com.mendix.test.LoginScript"/>
  <testcase name="getDependentScenarioName" time="0.000" classname="com.mendix.test.LoginScript"/>
  <testcase name="loginAsLDRVendor" time="0.001" classname="com.mendix.test.LoginScript"/>
  <testcase name="loginAsLDRVendor" time="0.001" classname="com.mendix.test.LoginScript"/>
  <testcase name="printSuiteName" time="0.012" classname="com.mendix.test.LoginScript"/>
  <testcase name="getGlobalIdFromIndependentScript2" time="0.000" classname="com.mendix.test.LoginScript"/>
  <testcase name="loginAsLDRVendor" time="0.003" classname="com.mendix.test.LoginScript"/>
  <testcase name="getDependentScenarioName" time="0.029" classname="com.mendix.test.LoginScript"/>
  <testcase name="getDependentScenarioName" time="0.001" classname="com.mendix.test.LoginScript"/>
  <testcase name="getGlobalIdFromIndependentScript2" time="0.000" classname="com.mendix.test.LoginScript"/>
  <testcase name="getGlobalIdFromIndependentScript2" time="0.000" classname="com.mendix.test.LoginScript"/>
  <testcase name="loginAsLDRVendor" time="0.001" classname="com.mendix.test.LoginScript"/>
  <testcase name="getGlobalIdFromIndependentScript2" time="0.023" classname="com.mendix.test.LoginScript"/>
  <testcase name="getGlobalIdFromIndependentScript2" time="0.001" classname="com.mendix.test.LoginScript"/>
  <testcase name="printSuiteName" time="0.016" classname="com.mendix.test.LoginScript"/>
  <testcase name="loginAsLDRVendor" time="0.001" classname="com.mendix.test.LoginScript"/>
  <testcase name="printSuiteName" time="0.010" classname="com.mendix.test.LoginScript"/>
  <testcase name="getGlobalIdFromIndependentScript2" time="0.001" classname="com.mendix.test.LoginScript"/>
  <testcase name="getDependentScenarioName" time="0.000" classname="com.mendix.test.LoginScript"/>
  <testcase name="getGlobalIdFromIndependentScript2" time="0.001" classname="com.mendix.test.LoginScript"/>
  <testcase name="getGlobalIdFromIndependentScript2" time="0.001" classname="com.mendix.test.LoginScript"/>
  <testcase name="getGlobalIdFromIndependentScript2" time="0.000" classname="com.mendix.test.LoginScript"/>
  <testcase name="loginAsLDRVendor" time="0.001" classname="com.mendix.test.LoginScript"/>
  <testcase name="getDependentScenarioName" time="0.001" classname="com.mendix.test.LoginScript"/>
  <testcase name="printSuiteName" time="0.013" classname="com.mendix.test.LoginScript"/>
  <testcase name="loginAsLDRVendor" time="0.048" classname="com.mendix.test.LoginScript"/>
  <testcase name="printSuiteName" time="0.032" classname="com.mendix.test.LoginScript"/>
  <testcase name="loginAsLDRVendor" time="0.000" classname="com.mendix.test.LoginScript"/>
  <testcase name="getDependentScenarioName" time="0.002" classname="com.mendix.test.LoginScript"/>
  <testcase name="loginAsLDRVendor" time="0.001" classname="com.mendix.test.LoginScript"/>
  <testcase name="getDependentScenarioName" time="0.000" classname="com.mendix.test.LoginScript"/>
  <testcase name="printSuiteName" time="0.013" classname="com.mendix.test.LoginScript"/>
  <testcase name="printSuiteName" time="0.028" classname="com.mendix.test.LoginScript"/>
  <testcase name="loginAsLDRVendor" time="0.000" classname="com.mendix.test.LoginScript"/>
  <testcase name="loginAsLDRVendor" time="0.001" classname="com.mendix.test.LoginScript"/>
  <testcase name="getDependentScenarioName" time="0.005" classname="com.mendix.test.LoginScript"/>
  <testcase name="getDependentScenarioName" time="0.000" classname="com.mendix.test.LoginScript"/>
  <testcase name="getGlobalIdFromIndependentScript2" time="0.002" classname="com.mendix.test.LoginScript"/>
  <testcase name="getDependentScenarioName" time="0.001" classname="com.mendix.test.LoginScript"/>
  <testcase name="printSuiteName" time="0.007" classname="com.mendix.test.LoginScript"/>
  <testcase name="getDependentScenarioName" time="0.001" classname="com.mendix.test.LoginScript"/>
  <testcase name="getGlobalIdFromIndependentScript2" time="0.002" classname="com.mendix.test.LoginScript"/>
  <testcase name="printSuiteName" time="0.011" classname="com.mendix.test.LoginScript"/>
  <testcase name="printSuiteName" time="0.019" classname="com.mendix.test.LoginScript"/>
  <testcase name="printSuiteName" time="0.028" classname="com.mendix.test.LoginScript"/>
  <testcase name="loginAsLDRVendor" time="0.000" classname="com.mendix.test.LoginScript"/>
  <testcase name="getGlobalIdFromIndependentScript2" time="0.001" classname="com.mendix.test.LoginScript"/>
  <testcase name="getGlobalIdFromIndependentScript2" time="0.001" classname="com.mendix.test.LoginScript"/>
  <testcase name="getGlobalIdFromIndependentScript2" time="0.000" classname="com.mendix.test.LoginScript"/>
  <testcase name="printSuiteName" time="0.023" classname="com.mendix.test.LoginScript"/>
  <testcase name="getGlobalIdFromIndependentScript2" time="0.001" classname="com.mendix.test.LoginScript"/>
  <testcase name="printSuiteName" time="0.016" classname="com.mendix.test.LoginScript"/>
  <testcase name="loginAsLDRVendor" time="0.002" classname="com.mendix.test.LoginScript"/>
  <testcase name="getDependentScenarioName" time="0.000" classname="com.mendix.test.LoginScript"/>
  <testcase name="getGlobalIdFromIndependentScript2" time="0.000" classname="com.mendix.test.LoginScript"/>
  <testcase name="loginAsLDRVendor" time="0.001" classname="com.mendix.test.LoginScript"/>
  <testcase name="getGlobalIdFromIndependentScript2" time="0.001" classname="com.mendix.test.LoginScript"/>
  <testcase name="loginAsLDRVendor" time="0.002" classname="com.mendix.test.LoginScript"/>
  <testcase name="loginAsLDRVendor" time="0.003" classname="com.mendix.test.LoginScript"/>
  <testcase name="getDependentScenarioName" time="0.001" classname="com.mendix.test.LoginScript"/>
  <testcase name="getDependentScenarioName" time="0.001" classname="com.mendix.test.LoginScript"/>
  <testcase name="getGlobalIdFromIndependentScript2" time="0.001" classname="com.mendix.test.LoginScript"/>
  <testcase name="getGlobalIdFromIndependentScript2" time="0.001" classname="com.mendix.test.LoginScript"/>
  <testcase name="getGlobalIdFromIndependentScript2" time="0.001" classname="com.mendix.test.LoginScript"/>
  <testcase name="getGlobalIdFromIndependentScript2" time="0.001" classname="com.mendix.test.LoginScript"/>
  <testcase name="printSuiteName" time="0.023" classname="com.mendix.test.LoginScript"/>
  <testcase name="getDependentScenarioName" time="0.052" classname="com.mendix.test.LoginScript"/>
  <testcase name="getDependentScenarioName" time="0.001" classname="com.mendix.test.LoginScript"/>
  <testcase name="getDependentScenarioName" time="0.001" classname="com.mendix.test.LoginScript"/>
  <testcase name="getGlobalIdFromIndependentScript2" time="0.001" classname="com.mendix.test.LoginScript"/>
  <testcase name="loginAsLDRVendor" time="0.003" classname="com.mendix.test.LoginScript"/>
  <testcase name="getGlobalIdFromIndependentScript2" time="0.001" classname="com.mendix.test.LoginScript"/>
  <testcase name="printSuiteName" time="0.007" classname="com.mendix.test.LoginScript"/>
  <testcase name="getGlobalIdFromIndependentScript2" time="0.001" classname="com.mendix.test.LoginScript"/>
  <testcase name="getDependentScenarioName" time="0.001" classname="com.mendix.test.LoginScript"/>
  <testcase name="getGlobalIdFromIndependentScript2" time="0.001" classname="com.mendix.test.LoginScript"/>
  <testcase name="getGlobalIdFromIndependentScript2" time="0.001" classname="com.mendix.test.LoginScript"/>
  <testcase name="getDependentScenarioName" time="0.001" classname="com.mendix.test.LoginScript"/>
  <testcase name="printSuiteName" time="0.009" classname="com.mendix.test.LoginScript"/>
  <testcase name="getDependentScenarioName" time="0.001" classname="com.mendix.test.LoginScript"/>
  <testcase name="loginAsLDRVendor" time="18.840" classname="com.mendix.test.LoginScript"/>
  <testcase name="loginAsLDRVendor" time="0.001" classname="com.mendix.test.LoginScript"/>
  <testcase name="loginAsLDRVendor" time="0.000" classname="com.mendix.test.LoginScript"/>
  <testcase name="getGlobalIdFromIndependentScript2" time="0.001" classname="com.mendix.test.LoginScript"/>
  <testcase name="getDependentScenarioName" time="0.007" classname="com.mendix.test.LoginScript"/>
  <testcase name="printSuiteName" time="0.011" classname="com.mendix.test.LoginScript"/>
  <testcase name="printSuiteName" time="0.013" classname="com.mendix.test.LoginScript"/>
  <testcase name="printSuiteName" time="0.008" classname="com.mendix.test.LoginScript"/>
  <testcase name="getDependentScenarioName" time="0.025" classname="com.mendix.test.LoginScript"/>
  <testcase name="printSuiteName" time="0.032" classname="com.mendix.test.LoginScript"/>
  <testcase name="loginAsLDRVendor" time="0.000" classname="com.mendix.test.LoginScript"/>
  <testcase name="getDependentScenarioName" time="0.001" classname="com.mendix.test.LoginScript"/>
  <testcase name="getDependentScenarioName" time="0.000" classname="com.mendix.test.LoginScript"/>
  <testcase name="getGlobalIdFromIndependentScript2" time="0.001" classname="com.mendix.test.LoginScript"/>
  <testcase name="printSuiteName" time="0.032" classname="com.mendix.test.LoginScript"/>
  <testcase name="loginAsLDRVendor" time="0.000" classname="com.mendix.test.LoginScript"/>
  <testcase name="loginAsLDRVendor" time="0.000" classname="com.mendix.test.LoginScript"/>
  <testcase name="loginAsLDRVendor" time="0.001" classname="com.mendix.test.LoginScript"/>
  <testcase name="getGlobalIdFromIndependentScript2" time="0.001" classname="com.mendix.test.LoginScript"/>
  <testcase name="printSuiteName" time="0.020" classname="com.mendix.test.LoginScript"/>
  <testcase name="printSuiteName" time="0.032" classname="com.mendix.test.LoginScript"/>
  <testcase name="printSuiteName" time="0.041" classname="com.mendix.test.LoginScript"/>
  <testcase name="getGlobalIdFromIndependentScript2" time="0.030" classname="com.mendix.test.LoginScript"/>
  <testcase name="getGlobalIdFromIndependentScript2" time="0.001" classname="com.mendix.test.LoginScript"/>
  <testcase name="getDependentScenarioName" time="0.001" classname="com.mendix.test.LoginScript"/>
  <testcase name="printSuiteName" time="0.010" classname="com.mendix.test.LoginScript"/>
  <testcase name="getGlobalIdFromIndependentScript2" time="0.002" classname="com.mendix.test.LoginScript"/>
  <testcase name="printSuiteName" time="0.028" classname="com.mendix.test.LoginScript"/>
  <testcase name="getDependentScenarioName" time="0.049" classname="com.mendix.test.LoginScript"/>
  <testcase name="printSuiteName" time="0.020" classname="com.mendix.test.LoginScript"/>
  <testcase name="getDependentScenarioName" time="0.000" classname="com.mendix.test.LoginScript"/>
  <testcase name="getGlobalIdFromIndependentScript2" time="0.004" classname="com.mendix.test.LoginScript"/>
  <testcase name="printSuiteName" time="0.016" classname="com.mendix.test.LoginScript"/>
  <testcase name="printSuiteName" time="0.018" classname="com.mendix.test.LoginScript"/>
  <testcase name="getGlobalIdFromIndependentScript2" time="0.122" classname="com.mendix.test.LoginScript"/>
  <testcase name="loginAsLDRVendor" time="0.020" classname="com.mendix.test.LoginScript"/>
  <testcase name="loginAsLDRVendor" time="0.001" classname="com.mendix.test.LoginScript"/>
  <testcase name="loginAsLDRVendor" time="0.001" classname="com.mendix.test.LoginScript"/>
  <testcase name="printSuiteName" time="0.014" classname="com.mendix.test.LoginScript"/>
  <testcase name="getDependentScenarioName" time="0.001" classname="com.mendix.test.LoginScript"/>
  <testcase name="getDependentScenarioName" time="0.001" classname="com.mendix.test.LoginScript"/>
  <testcase name="getGlobalIdFromIndependentScript2" time="0.040" classname="com.mendix.test.LoginScript"/>
  <testcase name="printSuiteName" time="0.011" classname="com.mendix.test.LoginScript"/>
  <testcase name="getDependentScenarioName" time="0.001" classname="com.mendix.test.LoginScript"/>
  <testcase name="printSuiteName" time="0.016" classname="com.mendix.test.LoginScript"/>
  <testcase name="loginAsLDRVendor" time="0.001" classname="com.mendix.test.LoginScript"/>
  <testcase name="getGlobalIdFromIndependentScript2" time="0.001" classname="com.mendix.test.LoginScript"/>
  <testcase name="printSuiteName" time="0.010" classname="com.mendix.test.LoginScript"/>
  <testcase name="loginAsLDRVendor" time="0.000" classname="com.mendix.test.LoginScript"/>
  <testcase name="printSuiteName" time="0.045" classname="com.mendix.test.LoginScript"/>
  <testcase name="getGlobalIdFromIndependentScript2" time="0.001" classname="com.mendix.test.LoginScript"/>
  <testcase name="loginAsLDRVendor" time="0.000" classname="com.mendix.test.LoginScript"/>
  <testcase name="getGlobalIdFromIndependentScript2" time="0.001" classname="com.mendix.test.LoginScript"/>
  <testcase name="printSuiteName" time="0.028" classname="com.mendix.test.LoginScript"/>
  <testcase name="getDependentScenarioName" time="0.001" classname="com.mendix.test.LoginScript"/>
  <testcase name="loginAsLDRVendor" time="0.001" classname="com.mendix.test.LoginScript"/>
  <testcase name="getDependentScenarioName" time="0.001" classname="com.mendix.test.LoginScript"/>
  <testcase name="printSuiteName" time="0.071" classname="com.mendix.test.LoginScript"/>
  <testcase name="getDependentScenarioName" time="0.002" classname="com.mendix.test.LoginScript"/>
  <testcase name="loginAsLDRVendor" time="0.001" classname="com.mendix.test.LoginScript"/>
  <testcase name="loginAsLDRVendor" time="0.001" classname="com.mendix.test.LoginScript"/>
  <testcase name="getGlobalIdFromIndependentScript2" time="0.001" classname="com.mendix.test.LoginScript"/>
  <testcase name="getGlobalIdFromIndependentScript2" time="0.004" classname="com.mendix.test.LoginScript"/>
  <testcase name="loginAsLDRVendor" time="0.001" classname="com.mendix.test.LoginScript"/>
  <testcase name="loginAsLDRVendor" time="0.001" classname="com.mendix.test.LoginScript"/>
  <testcase name="getDependentScenarioName" time="0.002" classname="com.mendix.test.LoginScript"/>
  <testcase name="getDependentScenarioName" time="0.000" classname="com.mendix.test.LoginScript"/>
  <testcase name="printSuiteName" time="0.023" classname="com.mendix.test.LoginScript"/>
  <testcase name="loginAsLDRVendor" time="0.007" classname="com.mendix.test.LoginScript"/>
  <testcase name="getDependentScenarioName" time="0.038" classname="com.mendix.test.LoginScript"/>
  <testcase name="loginAsLDRVendor" time="0.143" classname="com.mendix.test.LoginScript"/>
  <testcase name="loginAsLDRVendor" time="0.001" classname="com.mendix.test.LoginScript"/>
  <testcase name="getDependentScenarioName" time="0.001" classname="com.mendix.test.LoginScript"/>
  <testcase name="getGlobalIdFromIndependentScript2" time="0.000" classname="com.mendix.test.LoginScript"/>
  <testcase name="getDependentScenarioName" time="0.015" classname="com.mendix.test.LoginScript"/>
  <testcase name="loginAsLDRVendor" time="0.012" classname="com.mendix.test.LoginScript"/>
  <testcase name="loginAsLDRVendor" time="0.001" classname="com.mendix.test.LoginScript"/>
  <testcase name="loginAsLDRVendor" time="0.000" classname="com.mendix.test.LoginScript"/>
  <testcase name="loginAsLDRVendor" time="0.002" classname="com.mendix.test.LoginScript"/>
  <testcase name="loginAsLDRVendor" time="0.001" classname="com.mendix.test.LoginScript"/>
  <testcase name="getDependentScenarioName" time="0.001" classname="com.mendix.test.LoginScript"/>
  <testcase name="getGlobalIdFromIndependentScript2" time="0.001" classname="com.mendix.test.LoginScript"/>
  <testcase name="getGlobalIdFromIndependentScript2" time="0.001" classname="com.mendix.test.LoginScript"/>
  <testcase name="getGlobalIdFromIndependentScript2" time="0.000" classname="com.mendix.test.LoginScript"/>
  <testcase name="getDependentScenarioName" time="0.002" classname="com.mendix.test.LoginScript"/>
  <testcase name="printSuiteName" time="0.041" classname="com.mendix.test.LoginScript"/>
  <testcase name="loginAsLDRVendor" time="0.001" classname="com.mendix.test.LoginScript"/>
  <testcase name="getDependentScenarioName" time="0.001" classname="com.mendix.test.LoginScript"/>
  <testcase name="getDependentScenarioName" time="0.001" classname="com.mendix.test.LoginScript"/>
  <testcase name="getGlobalIdFromIndependentScript2" time="0.001" classname="com.mendix.test.LoginScript"/>
  <testcase name="getGlobalIdFromIndependentScript2" time="0.001" classname="com.mendix.test.LoginScript"/>
  <testcase name="printSuiteName" time="0.009" classname="com.mendix.test.LoginScript"/>
  <testcase name="loginAsLDRVendor" time="0.001" classname="com.mendix.test.LoginScript"/>
  <testcase name="getGlobalIdFromIndependentScript2" time="0.001" classname="com.mendix.test.LoginScript"/>
  <testcase name="loginAsLDRVendor" time="0.000" classname="com.mendix.test.LoginScript"/>
  <testcase name="getGlobalIdFromIndependentScript2" time="0.001" classname="com.mendix.test.LoginScript"/>
  <testcase name="printSuiteName" time="0.080" classname="com.mendix.test.LoginScript"/>
  <testcase name="getDependentScenarioName" time="0.001" classname="com.mendix.test.LoginScript"/>
  <testcase name="getDependentScenarioName" time="0.018" classname="com.mendix.test.LoginScript"/>
  <testcase name="printSuiteName" time="0.021" classname="com.mendix.test.LoginScript"/>
  <testcase name="loginAsLDRVendor" time="0.001" classname="com.mendix.test.LoginScript"/>
  <testcase name="loginAsLDRVendor" time="0.001" classname="com.mendix.test.LoginScript"/>
  <testcase name="getGlobalIdFromIndependentScript2" time="0.001" classname="com.mendix.test.LoginScript"/>
  <testcase name="printSuiteName" time="0.013" classname="com.mendix.test.LoginScript"/>
  <testcase name="loginAsLDRVendor" time="0.000" classname="com.mendix.test.LoginScript"/>
  <testcase name="getGlobalIdFromIndependentScript2" time="0.000" classname="com.mendix.test.LoginScript"/>
  <testcase name="openBrowser" time="7.347" classname="com.mendix.test.LoginScript"/>
  <testcase name="printSuiteName" time="0.008" classname="com.mendix.test.LoginScript"/>
  <testcase name="getDependentScenarioName" time="0.002" classname="com.mendix.test.LoginScript"/>
  <testcase name="printSuiteName" time="0.011" classname="com.mendix.test.LoginScript"/>
  <testcase name="getDependentScenarioName" time="0.001" classname="com.mendix.test.LoginScript"/>
  <testcase name="loginAsLDRVendor" time="0.003" classname="com.mendix.test.LoginScript"/>
  <testcase name="getGlobalIdFromIndependentScript2" time="0.001" classname="com.mendix.test.LoginScript"/>
  <testcase name="loginAsLDRVendor" time="0.001" classname="com.mendix.test.LoginScript"/>
  <testcase name="getGlobalIdFromIndependentScript2" time="0.001" classname="com.mendix.test.LoginScript"/>
  <testcase name="printSuiteName" time="0.043" classname="com.mendix.test.LoginScript"/>
  <testcase name="getGlobalIdFromIndependentScript2" time="0.001" classname="com.mendix.test.LoginScript"/>
  <testcase name="loginAsLDRVendor" time="0.000" classname="com.mendix.test.LoginScript"/>
  <testcase name="printSuiteName" time="0.023" classname="com.mendix.test.LoginScript"/>
  <testcase name="loginAsLDRVendor" time="0.002" classname="com.mendix.test.LoginScript"/>
  <testcase name="loginAsLDRVendor" time="0.001" classname="com.mendix.test.LoginScript"/>
  <testcase name="getDependentScenarioName" time="0.003" classname="com.mendix.test.LoginScript"/>
  <testcase name="printSuiteName" time="0.041" classname="com.mendix.test.LoginScript"/>
  <testcase name="printSuiteName" time="0.013" classname="com.mendix.test.LoginScript"/>
  <testcase name="printSuiteName" time="0.053" classname="com.mendix.test.LoginScript"/>
  <testcase name="loginAsLDRVendor" time="0.000" classname="com.mendix.test.LoginScript"/>
  <testcase name="getDependentScenarioName" time="0.001" classname="com.mendix.test.LoginScript"/>
  <testcase name="getDependentScenarioName" time="0.011" classname="com.mendix.test.LoginScript"/>
  <testcase name="loginAsLDRVendor" time="0.003" classname="com.mendix.test.LoginScript"/>
  <testcase name="getDependentScenarioName" time="0.000" classname="com.mendix.test.LoginScript"/>
  <testcase name="getDependentScenarioName" time="0.001" classname="com.mendix.test.LoginScript"/>
  <testcase name="printSuiteName" time="0.014" classname="com.mendix.test.LoginScript"/>
  <testcase name="getDependentScenarioName" time="0.001" classname="com.mendix.test.LoginScript"/>
  <testcase name="loginAsLDRVendor" time="0.002" classname="com.mendix.test.LoginScript"/>
  <testcase name="loginAsLDRVendor" time="0.000" classname="com.mendix.test.LoginScript"/>
  <testcase name="getGlobalIdFromIndependentScript2" time="0.000" classname="com.mendix.test.LoginScript"/>
  <testcase name="loginAsLDRVendor" time="0.001" classname="com.mendix.test.LoginScript"/>
  <testcase name="getDependentScenarioName" time="0.000" classname="com.mendix.test.LoginScript"/>
  <testcase name="getDependentScenarioName" time="0.002" classname="com.mendix.test.LoginScript"/>
  <testcase name="getDependentScenarioName" time="0.001" classname="com.mendix.test.LoginScript"/>
  <testcase name="getGlobalIdFromIndependentScript2" time="0.001" classname="com.mendix.test.LoginScript"/>
  <testcase name="printSuiteName" time="0.023" classname="com.mendix.test.LoginScript"/>
  <testcase name="getDependentScenarioName" time="0.001" classname="com.mendix.test.LoginScript"/>
  <testcase name="loginAsLDRVendor" time="0.001" classname="com.mendix.test.LoginScript"/>
  <testcase name="printSuiteName" time="0.012" classname="com.mendix.test.LoginScript"/>
  <testcase name="printSuiteName" time="0.035" classname="com.mendix.test.LoginScript"/>
  <testcase name="getGlobalIdFromIndependentScript2" time="0.000" classname="com.mendix.test.LoginScript"/>
  <testcase name="getGlobalIdFromIndependentScript2" time="0.001" classname="com.mendix.test.LoginScript"/>
  <testcase name="getGlobalIdFromIndependentScript2" time="0.001" classname="com.mendix.test.LoginScript"/>
  <testcase name="loginAsLDRVendor" time="0.001" classname="com.mendix.test.LoginScript"/>
  <testcase name="loginAsLDRVendor" time="0.001" classname="com.mendix.test.LoginScript"/>
  <testcase name="loginAsLDRVendor" time="0.001" classname="com.mendix.test.LoginScript"/>
  <testcase name="getDependentScenarioName" time="0.001" classname="com.mendix.test.LoginScript"/>
  <testcase name="getDependentScenarioName" time="0.001" classname="com.mendix.test.LoginScript"/>
  <testcase name="getDependentScenarioName" time="0.001" classname="com.mendix.test.LoginScript"/>
  <testcase name="loginAsLDRVendor" time="0.001" classname="com.mendix.test.LoginScript"/>
  <testcase name="printSuiteName" time="0.008" classname="com.mendix.test.LoginScript"/>
  <testcase name="loginAsLDRVendor" time="0.001" classname="com.mendix.test.LoginScript"/>
  <testcase name="getGlobalIdFromIndependentScript2" time="0.000" classname="com.mendix.test.LoginScript"/>
  <testcase name="printSuiteName" time="0.007" classname="com.mendix.test.LoginScript"/>
  <testcase name="getGlobalIdFromIndependentScript2" time="0.001" classname="com.mendix.test.LoginScript"/>
  <testcase name="getDependentScenarioName" time="0.002" classname="com.mendix.test.LoginScript"/>
  <testcase name="getGlobalIdFromIndependentScript2" time="0.000" classname="com.mendix.test.LoginScript"/>
  <testcase name="getDependentScenarioName" time="0.072" classname="com.mendix.test.LoginScript"/>
  <testcase name="loginAsLDRVendor" time="0.001" classname="com.mendix.test.LoginScript"/>
  <testcase name="printSuiteName" time="0.009" classname="com.mendix.test.LoginScript"/>
  <testcase name="printSuiteName" time="0.035" classname="com.mendix.test.LoginScript"/>
  <testcase name="getGlobalIdFromIndependentScript2" time="0.001" classname="com.mendix.test.LoginScript"/>
  <testcase name="printSuiteName" time="0.008" classname="com.mendix.test.LoginScript"/>
  <testcase name="getGlobalIdFromIndependentScript2" time="0.000" classname="com.mendix.test.LoginScript"/>
  <testcase name="loginAsLDRVendor" time="0.003" classname="com.mendix.test.LoginScript"/>
  <testcase name="loginAsLDRVendor" time="0.019" classname="com.mendix.test.LoginScript"/>
  <testcase name="printSuiteName" time="0.010" classname="com.mendix.test.LoginScript"/>
  <testcase name="getDependentScenarioName" time="0.000" classname="com.mendix.test.LoginScript"/>
  <testcase name="printSuiteName" time="0.012" classname="com.mendix.test.LoginScript"/>
  <testcase name="printSuiteName" time="0.012" classname="com.mendix.test.LoginScript"/>
  <testcase name="printSuiteName" time="0.007" classname="com.mendix.test.LoginScript"/>
  <testcase name="loginAsLDRVendor" time="0.001" classname="com.mendix.test.LoginScript"/>
  <testcase name="printSuiteName" time="0.018" classname="com.mendix.test.LoginScript"/>
  <testcase name="getDependentScenarioName" time="0.001" classname="com.mendix.test.LoginScript"/>
  <testcase name="getGlobalIdFromIndependentScript2" time="0.000" classname="com.mendix.test.LoginScript"/>
  <testcase name="loginAsLDRVendor" time="0.001" classname="com.mendix.test.LoginScript"/>
  <testcase name="printSuiteName" time="0.032" classname="com.mendix.test.LoginScript"/>
  <testcase name="loginAsLDRVendor" time="0.001" classname="com.mendix.test.LoginScript"/>
  <testcase name="getGlobalIdFromIndependentScript2" time="0.001" classname="com.mendix.test.LoginScript"/>
  <testcase name="getGlobalIdFromIndependentScript2" time="0.001" classname="com.mendix.test.LoginScript"/>
  <testcase name="getDependentScenarioName" time="0.001" classname="com.mendix.test.LoginScript"/>
  <testcase name="printSuiteName" time="0.010" classname="com.mendix.test.LoginScript"/>
  <testcase name="printSuiteName" time="0.007" classname="com.mendix.test.LoginScript"/>
  <testcase name="getDependentScenarioName" time="0.004" classname="com.mendix.test.LoginScript"/>
  <testcase name="getGlobalIdFromIndependentScript2" time="0.001" classname="com.mendix.test.LoginScript"/>
  <testcase name="getDependentScenarioName" time="0.000" classname="com.mendix.test.LoginScript"/>
  <testcase name="getDependentScenarioName" time="0.001" classname="com.mendix.test.LoginScript"/>
  <testcase name="getGlobalIdFromIndependentScript2" time="0.010" classname="com.mendix.test.LoginScript"/>
  <testcase name="printSuiteName" time="0.010" classname="com.mendix.test.LoginScript"/>
  <testcase name="printSuiteName" time="0.007" classname="com.mendix.test.LoginScript"/>
  <testcase name="loginAsLDRVendor" time="0.003" classname="com.mendix.test.LoginScript"/>
  <testcase name="getGlobalIdFromIndependentScript2" time="0.000" classname="com.mendix.test.LoginScript"/>
  <testcase name="loginAsLDRVendor" time="0.001" classname="com.mendix.test.LoginScript"/>
  <testcase name="getGlobalIdFromIndependentScript2" time="0.001" classname="com.mendix.test.LoginScript"/>
  <testcase name="getDependentScenarioName" time="0.001" classname="com.mendix.test.LoginScript"/>
  <testcase name="getGlobalIdFromIndependentScript2" time="0.000" classname="com.mendix.test.LoginScript"/>
  <testcase name="getGlobalIdFromIndependentScript2" time="0.000" classname="com.mendix.test.LoginScript"/>
  <testcase name="printSuiteName" time="0.037" classname="com.mendix.test.LoginScript"/>
  <testcase name="loginAsLDRVendor" time="0.000" classname="com.mendix.test.LoginScript"/>
  <testcase name="printSuiteName" time="0.010" classname="com.mendix.test.LoginScript"/>
  <testcase name="loginAsLDRVendor" time="0.000" classname="com.mendix.test.LoginScript"/>
  <testcase name="loginAsLDRVendor" time="0.001" classname="com.mendix.test.LoginScript"/>
  <testcase name="printSuiteName" time="0.097" classname="com.mendix.test.LoginScript"/>
  <testcase name="getDependentScenarioName" time="0.000" classname="com.mendix.test.LoginScript"/>
  <testcase name="getDependentScenarioName" time="0.021" classname="com.mendix.test.LoginScript"/>
  <testcase name="printSuiteName" time="0.005" classname="com.mendix.test.LoginScript"/>
  <testcase name="printSuiteName" time="0.012" classname="com.mendix.test.LoginScript"/>
  <testcase name="printSuiteName" time="0.015" classname="com.mendix.test.LoginScript"/>
  <testcase name="getGlobalIdFromIndependentScript2" time="0.001" classname="com.mendix.test.LoginScript"/>
  <testcase name="getDependentScenarioName" time="0.001" classname="com.mendix.test.LoginScript"/>
  <testcase name="openBrowser" time="9.830" classname="com.mendix.test.LoginScript"/>
  <testcase name="loginAsLDRVendor" time="0.001" classname="com.mendix.test.LoginScript"/>
  <testcase name="printSuiteName" time="0.022" classname="com.mendix.test.LoginScript"/>
  <testcase name="loginAsLDRVendor" time="0.000" classname="com.mendix.test.LoginScript"/>
  <testcase name="getDependentScenarioName" time="0.001" classname="com.mendix.test.LoginScript"/>
  <testcase name="printSuiteName" time="0.031" classname="com.mendix.test.LoginScript"/>
  <testcase name="getGlobalIdFromIndependentScript2" time="0.001" classname="com.mendix.test.LoginScript"/>
  <testcase name="printSuiteName" time="0.029" classname="com.mendix.test.LoginScript"/>
  <testcase name="loginAsLDRVendor" time="0.001" classname="com.mendix.test.LoginScript"/>
  <testcase name="printSuiteName" time="0.013" classname="com.mendix.test.LoginScript"/>
  <testcase name="getDependentScenarioName" time="0.000" classname="com.mendix.test.LoginScript"/>
  <testcase name="getDependentScenarioName" time="0.000" classname="com.mendix.test.LoginScript"/>
  <testcase name="getDependentScenarioName" time="0.000" classname="com.mendix.test.LoginScript"/>
  <testcase name="loginAsLDRVendor" time="0.002" classname="com.mendix.test.LoginScript"/>
  <testcase name="printSuiteName" time="0.009" classname="com.mendix.test.LoginScript"/>
  <testcase name="loginAsLDRVendor" time="0.007" classname="com.mendix.test.LoginScript"/>
  <testcase name="printSuiteName" time="0.013" classname="com.mendix.test.LoginScript"/>
  <testcase name="getDependentScenarioName" time="0.001" classname="com.mendix.test.LoginScript"/>
  <testcase name="printSuiteName" time="0.010" classname="com.mendix.test.LoginScript"/>
  <testcase name="getDependentScenarioName" time="0.000" classname="com.mendix.test.LoginScript"/>
  <testcase name="getGlobalIdFromIndependentScript2" time="0.000" classname="com.mendix.test.LoginScript"/>
  <testcase name="printSuiteName" time="0.009" classname="com.mendix.test.LoginScript"/>
  <testcase name="getDependentScenarioName" time="0.016" classname="com.mendix.test.LoginScript"/>
  <testcase name="getDependentScenarioName" time="0.001" classname="com.mendix.test.LoginScript"/>
  <testcase name="printSuiteName" time="0.009" classname="com.mendix.test.LoginScript"/>
  <testcase name="printSuiteName" time="0.011" classname="com.mendix.test.LoginScript"/>
  <testcase name="getGlobalIdFromIndependentScript2" time="0.002" classname="com.mendix.test.LoginScript"/>
  <testcase name="printSuiteName" time="0.018" classname="com.mendix.test.LoginScript"/>
  <testcase name="getDependentScenarioName" time="0.000" classname="com.mendix.test.LoginScript"/>
  <testcase name="getGlobalIdFromIndependentScript2" time="0.000" classname="com.mendix.test.LoginScript"/>
  <testcase name="getGlobalIdFromIndependentScript2" time="0.001" classname="com.mendix.test.LoginScript"/>
  <testcase name="loginAsLDRVendor" time="0.001" classname="com.mendix.test.LoginScript"/>
  <testcase name="loginAsLDRVendor" time="0.000" classname="com.mendix.test.LoginScript"/>
  <testcase name="loginAsLDRVendor" time="0.001" classname="com.mendix.test.LoginScript"/>
  <testcase name="loginAsLDRVendor" time="0.001" classname="com.mendix.test.LoginScript"/>
  <testcase name="getDependentScenarioName" time="0.001" classname="com.mendix.test.LoginScript"/>
  <testcase name="loginAsLDRVendor" time="0.000" classname="com.mendix.test.LoginScript"/>
  <testcase name="printSuiteName" time="0.036" classname="com.mendix.test.LoginScript"/>
  <testcase name="printSuiteName" time="0.024" classname="com.mendix.test.LoginScript"/>
  <testcase name="getGlobalIdFromIndependentScript2" time="0.002" classname="com.mendix.test.LoginScript"/>
  <testcase name="getGlobalIdFromIndependentScript2" time="0.002" classname="com.mendix.test.LoginScript"/>
  <testcase name="loginAsLDRVendor" time="0.001" classname="com.mendix.test.LoginScript"/>
  <testcase name="loginAsLDRVendor" time="0.000" classname="com.mendix.test.LoginScript"/>
  <testcase name="getDependentScenarioName" time="0.001" classname="com.mendix.test.LoginScript"/>
  <testcase name="getDependentScenarioName" time="0.001" classname="com.mendix.test.LoginScript"/>
  <testcase name="getDependentScenarioName" time="0.001" classname="com.mendix.test.LoginScript"/>
  <testcase name="getGlobalIdFromIndependentScript2" time="0.000" classname="com.mendix.test.LoginScript"/>
  <testcase name="loginAsLDRVendor" time="0.001" classname="com.mendix.test.LoginScript"/>
  <testcase name="getDependentScenarioName" time="0.001" classname="com.mendix.test.LoginScript"/>
  <testcase name="loginAsLDRVendor" time="0.001" classname="com.mendix.test.LoginScript"/>
  <testcase name="getGlobalIdFromIndependentScript2" time="0.002" classname="com.mendix.test.LoginScript"/>
  <testcase name="getGlobalIdFromIndependentScript2" time="0.001" classname="com.mendix.test.LoginScript"/>
  <testcase name="getGlobalIdFromIndependentScript2" time="0.003" classname="com.mendix.test.LoginScript"/>
  <testcase name="getGlobalIdFromIndependentScript2" time="0.000" classname="com.mendix.test.LoginScript"/>
  <testcase name="loginAsLDRVendor" time="0.002" classname="com.mendix.test.LoginScript"/>
  <testcase name="printSuiteName" time="0.061" classname="com.mendix.test.LoginScript"/>
  <testcase name="getGlobalIdFromIndependentScript2" time="0.001" classname="com.mendix.test.LoginScript"/>
  <testcase name="getGlobalIdFromIndependentScript2" time="0.000" classname="com.mendix.test.LoginScript"/>
  <testcase name="printSuiteName" time="0.020" classname="com.mendix.test.LoginScript"/>
  <testcase name="getDependentScenarioName" time="0.001" classname="com.mendix.test.LoginScript"/>
  <testcase name="printSuiteName" time="0.007" classname="com.mendix.test.LoginScript"/>
  <testcase name="getGlobalIdFromIndependentScript2" time="0.000" classname="com.mendix.test.LoginScript"/>
  <testcase name="printSuiteName" time="0.019" classname="com.mendix.test.LoginScript"/>
  <testcase name="printSuiteName" time="0.010" classname="com.mendix.test.LoginScript"/>
  <testcase name="printSuiteName" time="0.012" classname="com.mendix.test.LoginScript"/>
  <testcase name="printSuiteName" time="0.020" classname="com.mendix.test.LoginScript"/>
  <testcase name="printSuiteName" time="0.021" classname="com.mendix.test.LoginScript"/>
  <testcase name="getGlobalIdFromIndependentScript2" time="0.000" classname="com.mendix.test.LoginScript"/>
  <testcase name="loginAsLDRVendor" time="0.001" classname="com.mendix.test.LoginScript"/>
  <testcase name="printSuiteName" time="0.032" classname="com.mendix.test.LoginScript"/>
  <testcase name="getDependentScenarioName" time="0.001" classname="com.mendix.test.LoginScript"/>
  <testcase name="loginAsLDRVendor" time="0.001" classname="com.mendix.test.LoginScript"/>
  <testcase name="printSuiteName" time="0.007" classname="com.mendix.test.LoginScript"/>
  <testcase name="loginAsLDRVendor" time="0.000" classname="com.mendix.test.LoginScript"/>
  <testcase name="loginAsLDRVendor" time="0.000" classname="com.mendix.test.LoginScript"/>
  <testcase name="loginAsLDRVendor" time="0.001" classname="com.mendix.test.LoginScript"/>
  <testcase name="printSuiteName" time="0.010" classname="com.mendix.test.LoginScript"/>
  <testcase name="printSuiteName" time="0.015" classname="com.mendix.test.LoginScript"/>
  <testcase name="getDependentScenarioName" time="0.000" classname="com.mendix.test.LoginScript"/>
  <testcase name="getGlobalIdFromIndependentScript2" time="0.001" classname="com.mendix.test.LoginScript"/>
  <testcase name="getGlobalIdFromIndependentScript2" time="0.001" classname="com.mendix.test.LoginScript"/>
  <testcase name="getDependentScenarioName" time="0.017" classname="com.mendix.test.LoginScript"/>
  <testcase name="printSuiteName" time="0.014" classname="com.mendix.test.LoginScript"/>
  <testcase name="getGlobalIdFromIndependentScript2" time="0.001" classname="com.mendix.test.LoginScript"/>
  <testcase name="getDependentScenarioName" time="0.001" classname="com.mendix.test.LoginScript"/>
  <testcase name="getGlobalIdFromIndependentScript2" time="0.000" classname="com.mendix.test.LoginScript"/>
  <testcase name="getDependentScenarioName" time="0.001" classname="com.mendix.test.LoginScript"/>
  <testcase name="printSuiteName" time="0.009" classname="com.mendix.test.LoginScript"/>
  <testcase name="printSuiteName" time="0.063" classname="com.mendix.test.LoginScript"/>
  <testcase name="getGlobalIdFromIndependentScript2" time="0.001" classname="com.mendix.test.LoginScript"/>
  <testcase name="getDependentScenarioName" time="0.017" classname="com.mendix.test.LoginScript"/>
  <testcase name="getDependentScenarioName" time="0.002" classname="com.mendix.test.LoginScript"/>
  <testcase name="getGlobalIdFromIndependentScript2" time="0.000" classname="com.mendix.test.LoginScript"/>
  <testcase name="loginAsLDRVendor" time="0.001" classname="com.mendix.test.LoginScript"/>
  <testcase name="getDependentScenarioName" time="0.001" classname="com.mendix.test.LoginScript"/>
  <testcase name="loginAsLDRVendor" time="0.000" classname="com.mendix.test.LoginScript"/>
  <testcase name="getGlobalIdFromIndependentScript2" time="0.017" classname="com.mendix.test.LoginScript"/>
  <testcase name="getGlobalIdFromIndependentScript2" time="0.001" classname="com.mendix.test.LoginScript"/>
  <testcase name="getDependentScenarioName" time="0.001" classname="com.mendix.test.LoginScript"/>
  <testcase name="loginAsLDRVendor" time="0.001" classname="com.mendix.test.LoginScript"/>
  <testcase name="loginAsLDRVendor" time="0.001" classname="com.mendix.test.LoginScript"/>
  <testcase name="loginAsLDRVendor" time="0.001" classname="com.mendix.test.LoginScript"/>
  <testcase name="getDependentScenarioName" time="0.000" classname="com.mendix.test.LoginScript"/>
  <testcase name="getGlobalIdFromIndependentScript2" time="0.001" classname="com.mendix.test.LoginScript"/>
  <testcase name="getDependentScenarioName" time="0.001" classname="com.mendix.test.LoginScript"/>
  <testcase name="getDependentScenarioName" time="0.001" classname="com.mendix.test.LoginScript"/>
  <testcase name="loginAsLDRVendor" time="0.001" classname="com.mendix.test.LoginScript"/>
  <testcase name="getDependentScenarioName" time="0.001" classname="com.mendix.test.LoginScript"/>
  <testcase name="getGlobalIdFromIndependentScript2" time="0.000" classname="com.mendix.test.LoginScript"/>
  <testcase name="getDependentScenarioName" time="0.001" classname="com.mendix.test.LoginScript"/>
  <testcase name="loginAsLDRVendor" time="0.001" classname="com.mendix.test.LoginScript"/>
  <testcase name="printSuiteName" time="0.015" classname="com.mendix.test.LoginScript"/>
  <testcase name="getDependentScenarioName" time="0.001" classname="com.mendix.test.LoginScript"/>
  <testcase name="getGlobalIdFromIndependentScript2" time="0.000" classname="com.mendix.test.LoginScript"/>
  <testcase name="loginAsLDRVendor" time="0.001" classname="com.mendix.test.LoginScript"/>
  <testcase name="getGlobalIdFromIndependentScript2" time="0.000" classname="com.mendix.test.LoginScript"/>
  <testcase name="printSuiteName" time="0.006" classname="com.mendix.test.LoginScript"/>
  <testcase name="getDependentScenarioName" time="0.001" classname="com.mendix.test.LoginScript"/>
  <testcase name="getDependentScenarioName" time="0.001" classname="com.mendix.test.LoginScript"/>
  <testcase name="loginAsLDRVendor" time="0.000" classname="com.mendix.test.LoginScript"/>
  <testcase name="getDependentScenarioName" time="0.001" classname="com.mendix.test.LoginScript"/>
  <testcase name="loginAsLDRVendor" time="0.001" classname="com.mendix.test.LoginScript"/>
  <testcase name="getGlobalIdFromIndependentScript2" time="0.001" classname="com.mendix.test.LoginScript"/>
  <testcase name="printSuiteName" time="0.009" classname="com.mendix.test.LoginScript"/>
  <testcase name="loginAsLDRVendor" time="0.001" classname="com.mendix.test.LoginScript"/>
  <testcase name="getDependentScenarioName" time="0.002" classname="com.mendix.test.LoginScript"/>
  <testcase name="getDependentScenarioName" time="0.001" classname="com.mendix.test.LoginScript"/>
  <testcase name="loginAsLDRVendor" time="0.000" classname="com.mendix.test.LoginScript"/>
  <testcase name="getGlobalIdFromIndependentScript2" time="0.001" classname="com.mendix.test.LoginScript"/>
  <testcase name="printSuiteName" time="0.031" classname="com.mendix.test.LoginScript"/>
  <testcase name="getGlobalIdFromIndependentScript2" time="0.000" classname="com.mendix.test.LoginScript"/>
  <testcase name="getGlobalIdFromIndependentScript2" time="0.000" classname="com.mendix.test.LoginScript"/>
  <testcase name="getGlobalIdFromIndependentScript2" time="0.001" classname="com.mendix.test.LoginScript"/>
  <testcase name="getGlobalIdFromIndependentScript2" time="0.000" classname="com.mendix.test.LoginScript"/>
  <testcase name="printSuiteName" time="0.047" classname="com.mendix.test.LoginScript"/>
  <testcase name="printSuiteName" time="0.015" classname="com.mendix.test.LoginScript"/>
  <testcase name="getGlobalIdFromIndependentScript2" time="0.000" classname="com.mendix.test.LoginScript"/>
  <testcase name="loginAsLDRVendor" time="0.000" classname="com.mendix.test.LoginScript"/>
  <testcase name="loginAsLDRVendor" time="0.000" classname="com.mendix.test.LoginScript"/>
  <testcase name="printSuiteName" time="0.041" classname="com.mendix.test.LoginScript"/>
  <testcase name="getDependentScenarioName" time="0.001" classname="com.mendix.test.LoginScript"/>
  <testcase name="getGlobalIdFromIndependentScript2" time="0.000" classname="com.mendix.test.LoginScript"/>
  <testcase name="loginAsLDRVendor" time="0.001" classname="com.mendix.test.LoginScript"/>
  <testcase name="printSuiteName" time="0.015" classname="com.mendix.test.LoginScript"/>
  <testcase name="getDependentScenarioName" time="0.001" classname="com.mendix.test.LoginScript"/>
  <testcase name="printSuiteName" time="0.024" classname="com.mendix.test.LoginScript"/>
  <testcase name="printSuiteName" time="0.020" classname="com.mendix.test.LoginScript"/>
  <testcase name="getGlobalIdFromIndependentScript2" time="0.028" classname="com.mendix.test.LoginScript"/>
  <testcase name="getDependentScenarioName" time="0.001" classname="com.mendix.test.LoginScript"/>
  <testcase name="printSuiteName" time="0.050" classname="com.mendix.test.LoginScript"/>
  <testcase name="getDependentScenarioName" time="0.001" classname="com.mendix.test.LoginScript"/>
  <testcase name="loginAsLDRVendor" time="0.073" classname="com.mendix.test.LoginScript"/>
  <testcase name="printSuiteName" time="0.012" classname="com.mendix.test.LoginScript"/>
  <testcase name="getDependentScenarioName" time="0.002" classname="com.mendix.test.LoginScript"/>
  <testcase name="getDependentScenarioName" time="0.001" classname="com.mendix.test.LoginScript"/>
  <testcase name="printSuiteName" time="0.007" classname="com.mendix.test.LoginScript"/>
  <testcase name="printSuiteName" time="0.010" classname="com.mendix.test.LoginScript"/>
  <testcase name="getGlobalIdFromIndependentScript2" time="0.000" classname="com.mendix.test.LoginScript"/>
  <testcase name="loginAsLDRVendor" time="0.000" classname="com.mendix.test.LoginScript"/>
</testsuite> <!-- com.mendix.test.LoginScript -->
