<?xml version="1.0" encoding="UTF-8"?>
<!-- Generated by org.testng.reporters.JUnitReportReporter -->
<testsuite skipped="0" hostname="ykuntala" name="com.mendix.test.MaterialNavScript" tests="102" failures="0" timestamp="18 Jun 2019 09:32:12 GMT" time="408.685" errors="0">
  <testcase name="validate_And_Submit_Global_Local_Request" time="0.008" classname="com.mendix.test.MaterialNavScript"/>
  <testcase name="validate_And_Submit_Global_Local_Request" time="0.000" classname="com.mendix.test.MaterialNavScript"/>
  <testcase name="validate_And_Submit_Global_Local_Request" time="0.000" classname="com.mendix.test.MaterialNavScript"/>
  <testcase name="validate_And_Submit_Global_Local_Request" time="0.000" classname="com.mendix.test.MaterialNavScript"/>
  <testcase name="validate_And_Submit_Global_Local_Request" time="0.001" classname="com.mendix.test.MaterialNavScript"/>
  <testcase name="validate_And_Submit_Global_Local_Request" time="0.000" classname="com.mendix.test.MaterialNavScript"/>
  <testcase name="validate_And_Submit_Global_Local_Request" time="0.000" classname="com.mendix.test.MaterialNavScript"/>
  <testcase name="validate_And_Submit_Global_Local_Request" time="0.000" classname="com.mendix.test.MaterialNavScript"/>
  <testcase name="validate_And_Submit_Global_Local_Request" time="0.000" classname="com.mendix.test.MaterialNavScript"/>
  <testcase name="validate_And_Submit_Global_Local_Request" time="0.000" classname="com.mendix.test.MaterialNavScript"/>
  <testcase name="validate_And_Submit_Global_Local_Request" time="0.000" classname="com.mendix.test.MaterialNavScript"/>
  <testcase name="validate_And_Submit_Global_Local_Request" time="0.001" classname="com.mendix.test.MaterialNavScript"/>
  <testcase name="validate_And_Submit_Global_Local_Request" time="0.001" classname="com.mendix.test.MaterialNavScript"/>
  <testcase name="validate_And_Submit_Global_Local_Request" time="0.007" classname="com.mendix.test.MaterialNavScript"/>
  <testcase name="material_Create_Fill_In_Data_Nav_Local_Adding_Site" time="0.000" classname="com.mendix.test.MaterialNavScript"/>
  <testcase name="validate_And_Submit_Global_Local_Request" time="0.000" classname="com.mendix.test.MaterialNavScript"/>
  <testcase name="validate_And_Submit_Global_Local_Request" time="0.001" classname="com.mendix.test.MaterialNavScript"/>
  <testcase name="validate_And_Submit_Global_Local_Request" time="0.000" classname="com.mendix.test.MaterialNavScript"/>
  <testcase name="validate_And_Submit_Global_Local_Request" time="0.000" classname="com.mendix.test.MaterialNavScript"/>
  <testcase name="validate_And_Submit_Global_Local_Request" time="0.000" classname="com.mendix.test.MaterialNavScript"/>
  <testcase name="validate_And_Submit_Global_Local_Request" time="0.000" classname="com.mendix.test.MaterialNavScript"/>
  <testcase name="validate_And_Submit_Global_Local_Request" time="0.000" classname="com.mendix.test.MaterialNavScript"/>
  <testcase name="validate_And_Submit_Global_Local_Request" time="0.001" classname="com.mendix.test.MaterialNavScript"/>
  <testcase name="validate_And_Submit_Global_Local_Request" time="0.001" classname="com.mendix.test.MaterialNavScript"/>
  <testcase name="validate_And_Submit_Global_Local_Request" time="0.001" classname="com.mendix.test.MaterialNavScript"/>
  <testcase name="material_Local_Finance_Data_Fill_In_Nav" time="41.438" classname="com.mendix.test.MaterialNavScript"/>
  <testcase name="material_Local_Plant_Data_Fill_In_Nav" time="0.001" classname="com.mendix.test.MaterialNavScript"/>
  <testcase name="validate_And_Submit_Global_Local_Request" time="0.001" classname="com.mendix.test.MaterialNavScript"/>
  <testcase name="validate_And_Submit_Global_Local_Request" time="0.000" classname="com.mendix.test.MaterialNavScript"/>
  <testcase name="validate_And_Submit_Global_Local_Request" time="0.000" classname="com.mendix.test.MaterialNavScript"/>
  <testcase name="validate_And_Submit_Global_Local_Request" time="0.001" classname="com.mendix.test.MaterialNavScript"/>
  <testcase name="validate_And_Submit_Global_Local_Request" time="0.001" classname="com.mendix.test.MaterialNavScript"/>
  <testcase name="validate_And_Submit_Global_Local_Request" time="0.001" classname="com.mendix.test.MaterialNavScript"/>
  <testcase name="validate_And_Submit_Global_Local_Request" time="0.001" classname="com.mendix.test.MaterialNavScript"/>
  <testcase name="validate_And_Submit_Global_Local_Request" time="0.002" classname="com.mendix.test.MaterialNavScript"/>
  <testcase name="validate_And_Submit_Global_Local_Request" time="0.000" classname="com.mendix.test.MaterialNavScript"/>
  <testcase name="validate_And_Submit_Global_Local_Request" time="0.001" classname="com.mendix.test.MaterialNavScript"/>
  <testcase name="validate_And_Submit_Global_Local_Request" time="0.000" classname="com.mendix.test.MaterialNavScript"/>
  <testcase name="validate_And_Submit_Global_Local_Request" time="0.000" classname="com.mendix.test.MaterialNavScript"/>
  <testcase name="validate_And_Submit_Global_Local_Request" time="0.000" classname="com.mendix.test.MaterialNavScript"/>
  <testcase name="validate_And_Submit_Global_Local_Request" time="115.547" classname="com.mendix.test.MaterialNavScript"/>
  <testcase name="validate_And_Submit_Global_Local_Request" time="0.001" classname="com.mendix.test.MaterialNavScript"/>
  <testcase name="validate_And_Submit_Global_Local_Request" time="0.001" classname="com.mendix.test.MaterialNavScript"/>
  <testcase name="validate_And_Submit_Global_Local_Request" time="0.001" classname="com.mendix.test.MaterialNavScript"/>
  <testcase name="validate_And_Submit_Global_Local_Request" time="0.000" classname="com.mendix.test.MaterialNavScript"/>
  <testcase name="validate_And_Submit_Global_Local_Request" time="0.001" classname="com.mendix.test.MaterialNavScript"/>
  <testcase name="validate_And_Submit_Global_Local_Request" time="0.001" classname="com.mendix.test.MaterialNavScript"/>
  <testcase name="validate_And_Submit_Global_Local_Request" time="0.000" classname="com.mendix.test.MaterialNavScript"/>
  <testcase name="validate_And_Submit_Global_Local_Request" time="0.001" classname="com.mendix.test.MaterialNavScript"/>
  <testcase name="validate_And_Submit_Global_Local_Request" time="0.000" classname="com.mendix.test.MaterialNavScript"/>
  <testcase name="validate_And_Submit_Global_Local_Request" time="0.000" classname="com.mendix.test.MaterialNavScript"/>
  <testcase name="validate_And_Submit_Global_Local_Request" time="0.001" classname="com.mendix.test.MaterialNavScript"/>
  <testcase name="validate_And_Submit_Global_Local_Request" time="0.001" classname="com.mendix.test.MaterialNavScript"/>
  <testcase name="validate_And_Submit_Global_Local_Request" time="0.000" classname="com.mendix.test.MaterialNavScript"/>
  <testcase name="validate_And_Submit_Global_Local_Request" time="0.000" classname="com.mendix.test.MaterialNavScript"/>
  <testcase name="validate_And_Submit_Global_Local_Request" time="0.001" classname="com.mendix.test.MaterialNavScript"/>
  <testcase name="validate_And_Submit_Global_Local_Request" time="0.001" classname="com.mendix.test.MaterialNavScript"/>
  <testcase name="validate_And_Submit_Global_Local_Request" time="0.000" classname="com.mendix.test.MaterialNavScript"/>
  <testcase name="validate_And_Submit_Global_Local_Request" time="0.000" classname="com.mendix.test.MaterialNavScript"/>
  <testcase name="validate_And_Submit_Global_Local_Request" time="0.000" classname="com.mendix.test.MaterialNavScript"/>
  <testcase name="validate_And_Submit_Global_Local_Request" time="0.000" classname="com.mendix.test.MaterialNavScript"/>
  <testcase name="validate_And_Submit_Global_Local_Request" time="0.001" classname="com.mendix.test.MaterialNavScript"/>
  <testcase name="validate_And_Submit_Global_Local_Request" time="0.000" classname="com.mendix.test.MaterialNavScript"/>
  <testcase name="validate_And_Submit_Global_Local_Request" time="0.001" classname="com.mendix.test.MaterialNavScript"/>
  <testcase name="validate_And_Submit_Global_Local_Request" time="0.001" classname="com.mendix.test.MaterialNavScript"/>
  <testcase name="validate_And_Submit_Global_Local_Request" time="0.001" classname="com.mendix.test.MaterialNavScript"/>
  <testcase name="validate_And_Submit_Global_Local_Request" time="0.001" classname="com.mendix.test.MaterialNavScript"/>
  <testcase name="validate_And_Submit_Global_Local_Request" time="0.010" classname="com.mendix.test.MaterialNavScript"/>
  <testcase name="validate_And_Submit_Global_Local_Request" time="0.001" classname="com.mendix.test.MaterialNavScript"/>
  <testcase name="validate_And_Submit_Global_Local_Request" time="0.002" classname="com.mendix.test.MaterialNavScript"/>
  <testcase name="validate_And_Submit_Global_Local_Request" time="0.001" classname="com.mendix.test.MaterialNavScript"/>
  <testcase name="material_Create_Fill_In_Data_Nav_Local_Adding_Site" time="124.759" classname="com.mendix.test.MaterialNavScript"/>
  <testcase name="validate_And_Submit_Global_Local_Request" time="0.000" classname="com.mendix.test.MaterialNavScript"/>
  <testcase name="validate_And_Submit_Global_Local_Request" time="0.002" classname="com.mendix.test.MaterialNavScript"/>
  <testcase name="validate_And_Submit_Global_Local_Request" time="0.000" classname="com.mendix.test.MaterialNavScript"/>
  <testcase name="validate_And_Submit_Global_Local_Request" time="0.013" classname="com.mendix.test.MaterialNavScript"/>
  <testcase name="validate_And_Submit_Global_Local_Request" time="0.000" classname="com.mendix.test.MaterialNavScript"/>
  <testcase name="validate_And_Submit_Global_Local_Request" time="0.001" classname="com.mendix.test.MaterialNavScript"/>
  <testcase name="validate_And_Submit_Global_Local_Request" time="0.000" classname="com.mendix.test.MaterialNavScript"/>
  <testcase name="validate_And_Submit_Global_Local_Request" time="0.001" classname="com.mendix.test.MaterialNavScript"/>
  <testcase name="validate_And_Submit_Global_Local_Request" time="0.000" classname="com.mendix.test.MaterialNavScript"/>
  <testcase name="validate_And_Submit_Global_Local_Request" time="0.001" classname="com.mendix.test.MaterialNavScript"/>
  <testcase name="validate_And_Submit_Global_Local_Request" time="0.002" classname="com.mendix.test.MaterialNavScript"/>
  <testcase name="validate_And_Submit_Global_Local_Request" time="0.007" classname="com.mendix.test.MaterialNavScript"/>
  <testcase name="validate_And_Submit_Global_Local_Request" time="0.001" classname="com.mendix.test.MaterialNavScript"/>
  <testcase name="validate_And_Submit_Global_Local_Request" time="0.001" classname="com.mendix.test.MaterialNavScript"/>
  <testcase name="validate_And_Submit_Global_Local_Request" time="0.001" classname="com.mendix.test.MaterialNavScript"/>
  <testcase name="validate_And_Submit_Global_Local_Request" time="0.000" classname="com.mendix.test.MaterialNavScript"/>
  <testcase name="material_Local_Finance_Data_Fill_In_Nav" time="0.001" classname="com.mendix.test.MaterialNavScript"/>
  <testcase name="validate_And_Submit_Global_Local_Request" time="0.001" classname="com.mendix.test.MaterialNavScript"/>
  <testcase name="validate_And_Submit_Global_Local_Request" time="0.000" classname="com.mendix.test.MaterialNavScript"/>
  <testcase name="validate_And_Submit_Global_Local_Request" time="0.000" classname="com.mendix.test.MaterialNavScript"/>
  <testcase name="validate_And_Submit_Global_Local_Request" time="0.000" classname="com.mendix.test.MaterialNavScript"/>
  <testcase name="validate_And_Submit_Global_Local_Request" time="0.000" classname="com.mendix.test.MaterialNavScript"/>
  <testcase name="validate_And_Submit_Global_Local_Request" time="0.001" classname="com.mendix.test.MaterialNavScript"/>
  <testcase name="validate_And_Submit_Global_Local_Request" time="0.001" classname="com.mendix.test.MaterialNavScript"/>
  <testcase name="Material_Create_Fill_In_Data" time="65.825" classname="com.mendix.test.MaterialNavScript"/>
  <testcase name="validate_And_Submit_Global_Local_Request" time="0.001" classname="com.mendix.test.MaterialNavScript"/>
  <testcase name="material_Local_Plant_Data_Fill_In_Nav" time="61.013" classname="com.mendix.test.MaterialNavScript"/>
  <testcase name="validate_And_Submit_Global_Local_Request" time="0.000" classname="com.mendix.test.MaterialNavScript"/>
  <testcase name="validate_And_Submit_Global_Local_Request" time="0.007" classname="com.mendix.test.MaterialNavScript"/>
  <testcase name="validate_And_Submit_Global_Local_Request" time="0.001" classname="com.mendix.test.MaterialNavScript"/>
</testsuite> <!-- com.mendix.test.MaterialNavScript -->
